[debug] [2020-05-27T19:31:07.544Z] ----------------------------------------------------------------------
[debug] [2020-05-27T19:31:07.555Z] Command:       C:\Program Files\nodejs\node.exe C:\Users\ESTADISTICA\AppData\Roaming\npm\node_modules\firebase-tools\lib\bin\firebase.js init
[debug] [2020-05-27T19:31:07.555Z] CLI Version:   8.2.0
[debug] [2020-05-27T19:31:07.556Z] Platform:      win32
[debug] [2020-05-27T19:31:07.556Z] Node Version:  v12.16.1
[debug] [2020-05-27T19:31:07.590Z] Time:          Wed May 27 2020 14:31:07 GMT-0500 (GMT-05:00)
[debug] [2020-05-27T19:31:07.591Z] ----------------------------------------------------------------------
[debug] [2020-05-27T19:31:07.591Z] 
[debug] [2020-05-27T19:31:07.655Z] > command requires scopes: ["email","openid","https://www.googleapis.com/auth/cloudplatformprojects.readonly","https://www.googleapis.com/auth/firebase","https://www.googleapis.com/auth/cloud-platform"]
[debug] [2020-05-27T19:31:07.656Z] > authorizing via signed-in user
[info] 
     ######## #### ########  ######## ########     ###     ######  ########
     ##        ##  ##     ## ##       ##     ##  ##   ##  ##       ##
     ######    ##  ########  ######   ########  #########  ######  ######
     ##        ##  ##    ##  ##       ##     ## ##     ##       ## ##
     ##       #### ##     ## ######## ########  ##     ##  ######  ########

You're about to initialize a Firebase project in this directory:

  C:\Users\ESTADISTICA\Documents\proyectos\React\Financieros

Before we get started, keep in mind:

  * You are initializing in an existing Firebase project directory

